2026-06-12 16:45:19 [ai] started, socket /tmp/ai_engine.sock
2026-06-12 16:45:19 Server running on http://0.0.0.0:8009  (Swagger UI: /swagger/ui)  [config: config/config.json]
2026-06-12 16:45:20 ResultPublisher: consumer connected (fd=7)
2026-06-12 16:45:21 model input num: 1, output num: 13
2026-06-12 16:45:21 input tensors:
2026-06-12 16:45:21   index=0, name=images, n_dims=4, dims=[1, 640, 640, 3], n_elems=1228800, size=1228800, fmt=NHWC, type=INT8, qnt_type=AFFINE, zp=-128, scale=0.003922
2026-06-12 16:45:21 output tensors:
2026-06-12 16:45:21   index=0, name=375, n_dims=4, dims=[1, 64, 80, 80], n_elems=409600, size=409600, fmt=NCHW, type=INT8, qnt_type=AFFINE, zp=-30, scale=0.833956
2026-06-12 16:45:21   index=1, name=onnx::ReduceSum_383, n_dims=4, dims=[1, 1, 80, 80], n_elems=6400, size=6400, fmt=NCHW, type=INT8, qnt_type=AFFINE, zp=-128, scale=0.001961
2026-06-12 16:45:21   index=2, name=388, n_dims=4, dims=[1, 1, 80, 80], n_elems=6400, size=6400, fmt=NCHW, type=INT8, qnt_type=AFFINE, zp=-128, scale=0.000417
2026-06-12 16:45:21   index=3, name=354, n_dims=4, dims=[1, 32, 80, 80], n_elems=204800, size=204800, fmt=NCHW, type=INT8, qnt_type=AFFINE, zp=-1, scale=0.043489
2026-06-12 16:45:21   index=4, name=395, n_dims=4, dims=[1, 64, 40, 40], n_elems=102400, size=102400, fmt=NCHW, type=INT8, qnt_type=AFFINE, zp=-40, scale=1.170820
2026-06-12 16:45:21   index=5, name=onnx::ReduceSum_403, n_dims=4, dims=[1, 1, 40, 40], n_elems=1600, size=1600, fmt=NCHW, type=INT8, qnt_type=AFFINE, zp=-128, scale=0.001961
2026-06-12 16:45:21   index=6, name=407, n_dims=4, dims=[1, 1, 40, 40], n_elems=1600, size=1600, fmt=NCHW, type=INT8, qnt_type=AFFINE, zp=-128, scale=0.000129
2026-06-12 16:45:21   index=7, name=361, n_dims=4, dims=[1, 32, 40, 40], n_elems=51200, size=51200, fmt=NCHW, type=INT8, qnt_type=AFFINE, zp=25, scale=0.053781
2026-06-12 16:45:21   index=8, name=414, n_dims=4, dims=[1, 64, 20, 20], n_elems=25600, size=25600, fmt=NCHW, type=INT8, qnt_type=AFFINE, zp=-52, scale=0.052178
2026-06-12 16:45:21   index=9, name=onnx::ReduceSum_422, n_dims=4, dims=[1, 1, 20, 20], n_elems=400, size=400, fmt=NCHW, type=INT8, qnt_type=AFFINE, zp=-128, scale=0.001961
2026-06-12 16:45:21   index=10, name=426, n_dims=4, dims=[1, 1, 20, 20], n_elems=400, size=400, fmt=NCHW, type=INT8, qnt_type=AFFINE, zp=-128, scale=0.000000
2026-06-12 16:45:21   index=11, name=368, n_dims=4, dims=[1, 32, 20, 20], n_elems=12800, size=12800, fmt=NCHW, type=INT8, qnt_type=AFFINE, zp=7, scale=0.010816
2026-06-12 16:45:21   index=12, name=347, n_dims=4, dims=[1, 32, 160, 160], n_elems=819200, size=819200, fmt=NCHW, type=INT8, qnt_type=AFFINE, zp=-122, scale=0.048829
2026-06-12 16:45:21 model is NHWC input fmt
2026-06-12 16:45:21 model input height=640, width=640, channel=3
2026-06-12 16:45:21 model input num: 1, output num: 9
2026-06-12 16:45:21 input tensors:
2026-06-12 16:45:21   index=0, name=images, n_dims=4, dims=[1, 640, 640, 3], n_elems=1228800, size=1228800, fmt=NHWC, type=INT8, qnt_type=AFFINE, zp=-128, scale=0.003922
2026-06-12 16:45:21 output tensors:
2026-06-12 16:45:21   index=0, name=318, n_dims=4, dims=[1, 64, 80, 80], n_elems=409600, size=409600, fmt=NCHW, type=INT8, qnt_type=AFFINE, zp=-43, scale=0.453074
2026-06-12 16:45:21   index=1, name=onnx::ReduceSum_326, n_dims=4, dims=[1, 31, 80, 80], n_elems=198400, size=198400, fmt=NCHW, type=INT8, qnt_type=AFFINE, zp=-128, scale=0.001961
2026-06-12 16:45:21   index=2, name=331, n_dims=4, dims=[1, 1, 80, 80], n_elems=6400, size=6400, fmt=NCHW, type=INT8, qnt_type=AFFINE, zp=-128, scale=0.001771
2026-06-12 16:45:21   index=3, name=338, n_dims=4, dims=[1, 64, 40, 40], n_elems=102400, size=102400, fmt=NCHW, type=INT8, qnt_type=AFFINE, zp=-28, scale=0.181241
2026-06-12 16:45:21   index=4, name=onnx::ReduceSum_346, n_dims=4, dims=[1, 31, 40, 40], n_elems=49600, size=49600, fmt=NCHW, type=INT8, qnt_type=AFFINE, zp=-128, scale=0.003170
2026-06-12 16:45:21   index=5, name=350, n_dims=4, dims=[1, 1, 40, 40], n_elems=1600, size=1600, fmt=NCHW, type=INT8, qnt_type=AFFINE, zp=-128, scale=0.003311
2026-06-12 16:45:21   index=6, name=357, n_dims=4, dims=[1, 64, 20, 20], n_elems=25600, size=25600, fmt=NCHW, type=INT8, qnt_type=AFFINE, zp=-83, scale=0.048392
2026-06-12 16:45:21   index=7, name=onnx::ReduceSum_365, n_dims=4, dims=[1, 31, 20, 20], n_elems=12400, size=12400, fmt=NCHW, type=INT8, qnt_type=AFFINE, zp=-128, scale=0.001961
2026-06-12 16:45:21   index=8, name=369, n_dims=4, dims=[1, 1, 20, 20], n_elems=400, size=400, fmt=NCHW, type=INT8, qnt_type=AFFINE, zp=-128, scale=0.000425
2026-06-12 16:45:21 model is NHWC input fmt
2026-06-12 16:45:21 model input height=640, width=640, channel=3
2026-06-12 16:45:21 [ai] camera 81ef53eb-f0b2-4828-bcff-0b1f8350ae11 running 1 job(s)
2026-06-12 16:45:21 model input num: 1, output num: 13
2026-06-12 16:45:21 input tensors:
2026-06-12 16:45:21   index=0, name=images, n_dims=4, dims=[1, 640, 640, 3], n_elems=1228800, size=1228800, fmt=NHWC, type=INT8, qnt_type=AFFINE, zp=-128, scale=0.003922
2026-06-12 16:45:21 output tensors:
2026-06-12 16:45:21   index=0, name=375, n_dims=4, dims=[1, 64, 80, 80], n_elems=409600, size=409600, fmt=NCHW, type=INT8, qnt_type=AFFINE, zp=-30, scale=0.833956
2026-06-12 16:45:21   index=1, name=onnx::ReduceSum_383, n_dims=4, dims=[1, 1, 80, 80], n_elems=6400, size=6400, fmt=NCHW, type=INT8, qnt_type=AFFINE, zp=-128, scale=0.001961
2026-06-12 16:45:21   index=2, name=388, n_dims=4, dims=[1, 1, 80, 80], n_elems=6400, size=6400, fmt=NCHW, type=INT8, qnt_type=AFFINE, zp=-128, scale=0.000417
2026-06-12 16:45:21   index=3, name=354, n_dims=4, dims=[1, 32, 80, 80], n_elems=204800, size=204800, fmt=NCHW, type=INT8, qnt_type=AFFINE, zp=-1, scale=0.043489
2026-06-12 16:45:21   index=4, name=395, n_dims=4, dims=[1, 64, 40, 40], n_elems=102400, size=102400, fmt=NCHW, type=INT8, qnt_type=AFFINE, zp=-40, scale=1.170820
2026-06-12 16:45:21   index=5, name=onnx::ReduceSum_403, n_dims=4, dims=[1, 1, 40, 40], n_elems=1600, size=1600, fmt=NCHW, type=INT8, qnt_type=AFFINE, zp=-128, scale=0.001961
2026-06-12 16:45:21   index=6, name=407, n_dims=4, dims=[1, 1, 40, 40], n_elems=1600, size=1600, fmt=NCHW, type=INT8, qnt_type=AFFINE, zp=-128, scale=0.000129
2026-06-12 16:45:21   index=7, name=361, n_dims=4, dims=[1, 32, 40, 40], n_elems=51200, size=51200, fmt=NCHW, type=INT8, qnt_type=AFFINE, zp=25, scale=0.053781
2026-06-12 16:45:21   index=8, name=414, n_dims=4, dims=[1, 64, 20, 20], n_elems=25600, size=25600, fmt=NCHW, type=INT8, qnt_type=AFFINE, zp=-52, scale=0.052178
2026-06-12 16:45:21   index=9, name=onnx::ReduceSum_422, n_dims=4, dims=[1, 1, 20, 20], n_elems=400, size=400, fmt=NCHW, type=INT8, qnt_type=AFFINE, zp=-128, scale=0.001961
2026-06-12 16:45:21   index=10, name=426, n_dims=4, dims=[1, 1, 20, 20], n_elems=400, size=400, fmt=NCHW, type=INT8, qnt_type=AFFINE, zp=-128, scale=0.000000
2026-06-12 16:45:21   index=11, name=368, n_dims=4, dims=[1, 32, 20, 20], n_elems=12800, size=12800, fmt=NCHW, type=INT8, qnt_type=AFFINE, zp=7, scale=0.010816
2026-06-12 16:45:21   index=12, name=347, n_dims=4, dims=[1, 32, 160, 160], n_elems=819200, size=819200, fmt=NCHW, type=INT8, qnt_type=AFFINE, zp=-122, scale=0.048829
2026-06-12 16:45:21 model is NHWC input fmt
2026-06-12 16:45:21 model input height=640, width=640, channel=3
2026-06-12 16:45:21 model input num: 1, output num: 9
2026-06-12 16:45:21 input tensors:
2026-06-12 16:45:21   index=0, name=images, n_dims=4, dims=[1, 640, 640, 3], n_elems=1228800, size=1228800, fmt=NHWC, type=INT8, qnt_type=AFFINE, zp=-128, scale=0.003922
2026-06-12 16:45:21 output tensors:
2026-06-12 16:45:21   index=0, name=318, n_dims=4, dims=[1, 64, 80, 80], n_elems=409600, size=409600, fmt=NCHW, type=INT8, qnt_type=AFFINE, zp=-43, scale=0.453074
2026-06-12 16:45:21   index=1, name=onnx::ReduceSum_326, n_dims=4, dims=[1, 31, 80, 80], n_elems=198400, size=198400, fmt=NCHW, type=INT8, qnt_type=AFFINE, zp=-128, scale=0.001961
2026-06-12 16:45:21   index=2, name=331, n_dims=4, dims=[1, 1, 80, 80], n_elems=6400, size=6400, fmt=NCHW, type=INT8, qnt_type=AFFINE, zp=-128, scale=0.001771
2026-06-12 16:45:21   index=3, name=338, n_dims=4, dims=[1, 64, 40, 40], n_elems=102400, size=102400, fmt=NCHW, type=INT8, qnt_type=AFFINE, zp=-28, scale=0.181241
2026-06-12 16:45:21   index=4, name=onnx::ReduceSum_346, n_dims=4, dims=[1, 31, 40, 40], n_elems=49600, size=49600, fmt=NCHW, type=INT8, qnt_type=AFFINE, zp=-128, scale=0.003170
2026-06-12 16:45:21   index=5, name=350, n_dims=4, dims=[1, 1, 40, 40], n_elems=1600, size=1600, fmt=NCHW, type=INT8, qnt_type=AFFINE, zp=-128, scale=0.003311
2026-06-12 16:45:21   index=6, name=357, n_dims=4, dims=[1, 64, 20, 20], n_elems=25600, size=25600, fmt=NCHW, type=INT8, qnt_type=AFFINE, zp=-83, scale=0.048392
2026-06-12 16:45:21   index=7, name=onnx::ReduceSum_365, n_dims=4, dims=[1, 31, 20, 20], n_elems=12400, size=12400, fmt=NCHW, type=INT8, qnt_type=AFFINE, zp=-128, scale=0.001961
2026-06-12 16:45:21   index=8, name=369, n_dims=4, dims=[1, 1, 20, 20], n_elems=400, size=400, fmt=NCHW, type=INT8, qnt_type=AFFINE, zp=-128, scale=0.000425
2026-06-12 16:45:21 model is NHWC input fmt
2026-06-12 16:45:21 model input height=640, width=640, channel=3
2026-06-12 16:45:21 [ai] camera f1ddc4e2-ae91-412b-872f-664d7c42aba6 running 1 job(s)
2026-06-12 16:45:21 model input num: 1, output num: 13
2026-06-12 16:45:21 input tensors:
2026-06-12 16:45:21   index=0, name=images, n_dims=4, dims=[1, 640, 640, 3], n_elems=1228800, size=1228800, fmt=NHWC, type=INT8, qnt_type=AFFINE, zp=-128, scale=0.003922
2026-06-12 16:45:21 output tensors:
2026-06-12 16:45:21   index=0, name=375, n_dims=4, dims=[1, 64, 80, 80], n_elems=409600, size=409600, fmt=NCHW, type=INT8, qnt_type=AFFINE, zp=-30, scale=0.833956
2026-06-12 16:45:21   index=1, name=onnx::ReduceSum_383, n_dims=4, dims=[1, 1, 80, 80], n_elems=6400, size=6400, fmt=NCHW, type=INT8, qnt_type=AFFINE, zp=-128, scale=0.001961
2026-06-12 16:45:21   index=2, name=388, n_dims=4, dims=[1, 1, 80, 80], n_elems=6400, size=6400, fmt=NCHW, type=INT8, qnt_type=AFFINE, zp=-128, scale=0.000417
2026-06-12 16:45:21   index=3, name=354, n_dims=4, dims=[1, 32, 80, 80], n_elems=204800, size=204800, fmt=NCHW, type=INT8, qnt_type=AFFINE, zp=-1, scale=0.043489
2026-06-12 16:45:21   index=4, name=395, n_dims=4, dims=[1, 64, 40, 40], n_elems=102400, size=102400, fmt=NCHW, type=INT8, qnt_type=AFFINE, zp=-40, scale=1.170820
2026-06-12 16:45:21   index=5, name=onnx::ReduceSum_403, n_dims=4, dims=[1, 1, 40, 40], n_elems=1600, size=1600, fmt=NCHW, type=INT8, qnt_type=AFFINE, zp=-128, scale=0.001961
2026-06-12 16:45:21   index=6, name=407, n_dims=4, dims=[1, 1, 40, 40], n_elems=1600, size=1600, fmt=NCHW, type=INT8, qnt_type=AFFINE, zp=-128, scale=0.000129
2026-06-12 16:45:21   index=7, name=361, n_dims=4, dims=[1, 32, 40, 40], n_elems=51200, size=51200, fmt=NCHW, type=INT8, qnt_type=AFFINE, zp=25, scale=0.053781
2026-06-12 16:45:21   index=8, name=414, n_dims=4, dims=[1, 64, 20, 20], n_elems=25600, size=25600, fmt=NCHW, type=INT8, qnt_type=AFFINE, zp=-52, scale=0.052178
2026-06-12 16:45:21   index=9, name=onnx::ReduceSum_422, n_dims=4, dims=[1, 1, 20, 20], n_elems=400, size=400, fmt=NCHW, type=INT8, qnt_type=AFFINE, zp=-128, scale=0.001961
2026-06-12 16:45:21   index=10, name=426, n_dims=4, dims=[1, 1, 20, 20], n_elems=400, size=400, fmt=NCHW, type=INT8, qnt_type=AFFINE, zp=-128, scale=0.000000
2026-06-12 16:45:21   index=11, name=368, n_dims=4, dims=[1, 32, 20, 20], n_elems=12800, size=12800, fmt=NCHW, type=INT8, qnt_type=AFFINE, zp=7, scale=0.010816
2026-06-12 16:45:21   index=12, name=347, n_dims=4, dims=[1, 32, 160, 160], n_elems=819200, size=819200, fmt=NCHW, type=INT8, qnt_type=AFFINE, zp=-122, scale=0.048829
2026-06-12 16:45:21 model is NHWC input fmt
2026-06-12 16:45:21 model input height=640, width=640, channel=3
2026-06-12 16:45:21 model input num: 1, output num: 9
2026-06-12 16:45:21 input tensors:
2026-06-12 16:45:21   index=0, name=images, n_dims=4, dims=[1, 640, 640, 3], n_elems=1228800, size=1228800, fmt=NHWC, type=INT8, qnt_type=AFFINE, zp=-128, scale=0.003922
2026-06-12 16:45:21 output tensors:
2026-06-12 16:45:21   index=0, name=318, n_dims=4, dims=[1, 64, 80, 80], n_elems=409600, size=409600, fmt=NCHW, type=INT8, qnt_type=AFFINE, zp=-43, scale=0.453074
2026-06-12 16:45:21   index=1, name=onnx::ReduceSum_326, n_dims=4, dims=[1, 31, 80, 80], n_elems=198400, size=198400, fmt=NCHW, type=INT8, qnt_type=AFFINE, zp=-128, scale=0.001961
2026-06-12 16:45:21   index=2, name=331, n_dims=4, dims=[1, 1, 80, 80], n_elems=6400, size=6400, fmt=NCHW, type=INT8, qnt_type=AFFINE, zp=-128, scale=0.001771
2026-06-12 16:45:21   index=3, name=338, n_dims=4, dims=[1, 64, 40, 40], n_elems=102400, size=102400, fmt=NCHW, type=INT8, qnt_type=AFFINE, zp=-28, scale=0.181241
2026-06-12 16:45:21   index=4, name=onnx::ReduceSum_346, n_dims=4, dims=[1, 31, 40, 40], n_elems=49600, size=49600, fmt=NCHW, type=INT8, qnt_type=AFFINE, zp=-128, scale=0.003170
2026-06-12 16:45:21   index=5, name=350, n_dims=4, dims=[1, 1, 40, 40], n_elems=1600, size=1600, fmt=NCHW, type=INT8, qnt_type=AFFINE, zp=-128, scale=0.003311
2026-06-12 16:45:21   index=6, name=357, n_dims=4, dims=[1, 64, 20, 20], n_elems=25600, size=25600, fmt=NCHW, type=INT8, qnt_type=AFFINE, zp=-83, scale=0.048392
2026-06-12 16:45:21   index=7, name=onnx::ReduceSum_365, n_dims=4, dims=[1, 31, 20, 20], n_elems=12400, size=12400, fmt=NCHW, type=INT8, qnt_type=AFFINE, zp=-128, scale=0.001961
2026-06-12 16:45:21   index=8, name=369, n_dims=4, dims=[1, 1, 20, 20], n_elems=400, size=400, fmt=NCHW, type=INT8, qnt_type=AFFINE, zp=-128, scale=0.000425
2026-06-12 16:45:21 model is NHWC input fmt
2026-06-12 16:45:21 model input height=640, width=640, channel=3
2026-06-12 16:45:21 [ai] camera 61a4e5d0-849f-482f-a004-b25ee95e29ad running 1 job(s)
2026-06-12 16:45:21 model input num: 1, output num: 13
2026-06-12 16:45:21 input tensors:
2026-06-12 16:45:21   index=0, name=images, n_dims=4, dims=[1, 640, 640, 3], n_elems=1228800, size=1228800, fmt=NHWC, type=INT8, qnt_type=AFFINE, zp=-128, scale=0.003922
2026-06-12 16:45:21 output tensors:
2026-06-12 16:45:21   index=0, name=375, n_dims=4, dims=[1, 64, 80, 80], n_elems=409600, size=409600, fmt=NCHW, type=INT8, qnt_type=AFFINE, zp=-30, scale=0.833956
2026-06-12 16:45:21   index=1, name=onnx::ReduceSum_383, n_dims=4, dims=[1, 1, 80, 80], n_elems=6400, size=6400, fmt=NCHW, type=INT8, qnt_type=AFFINE, zp=-128, scale=0.001961
2026-06-12 16:45:21   index=2, name=388, n_dims=4, dims=[1, 1, 80, 80], n_elems=6400, size=6400, fmt=NCHW, type=INT8, qnt_type=AFFINE, zp=-128, scale=0.000417
2026-06-12 16:45:21   index=3, name=354, n_dims=4, dims=[1, 32, 80, 80], n_elems=204800, size=204800, fmt=NCHW, type=INT8, qnt_type=AFFINE, zp=-1, scale=0.043489
2026-06-12 16:45:21   index=4, name=395, n_dims=4, dims=[1, 64, 40, 40], n_elems=102400, size=102400, fmt=NCHW, type=INT8, qnt_type=AFFINE, zp=-40, scale=1.170820
2026-06-12 16:45:21   index=5, name=onnx::ReduceSum_403, n_dims=4, dims=[1, 1, 40, 40], n_elems=1600, size=1600, fmt=NCHW, type=INT8, qnt_type=AFFINE, zp=-128, scale=0.001961
2026-06-12 16:45:21   index=6, name=407, n_dims=4, dims=[1, 1, 40, 40], n_elems=1600, size=1600, fmt=NCHW, type=INT8, qnt_type=AFFINE, zp=-128, scale=0.000129
2026-06-12 16:45:21   index=7, name=361, n_dims=4, dims=[1, 32, 40, 40], n_elems=51200, size=51200, fmt=NCHW, type=INT8, qnt_type=AFFINE, zp=25, scale=0.053781
2026-06-12 16:45:21   index=8, name=414, n_dims=4, dims=[1, 64, 20, 20], n_elems=25600, size=25600, fmt=NCHW, type=INT8, qnt_type=AFFINE, zp=-52, scale=0.052178
2026-06-12 16:45:21   index=9, name=onnx::ReduceSum_422, n_dims=4, dims=[1, 1, 20, 20], n_elems=400, size=400, fmt=NCHW, type=INT8, qnt_type=AFFINE, zp=-128, scale=0.001961
2026-06-12 16:45:21   index=10, name=426, n_dims=4, dims=[1, 1, 20, 20], n_elems=400, size=400, fmt=NCHW, type=INT8, qnt_type=AFFINE, zp=-128, scale=0.000000
2026-06-12 16:45:21   index=11, name=368, n_dims=4, dims=[1, 32, 20, 20], n_elems=12800, size=12800, fmt=NCHW, type=INT8, qnt_type=AFFINE, zp=7, scale=0.010816
2026-06-12 16:45:21   index=12, name=347, n_dims=4, dims=[1, 32, 160, 160], n_elems=819200, size=819200, fmt=NCHW, type=INT8, qnt_type=AFFINE, zp=-122, scale=0.048829
2026-06-12 16:45:21 model is NHWC input fmt
2026-06-12 16:45:21 model input height=640, width=640, channel=3
2026-06-12 16:45:21 model input num: 1, output num: 9
2026-06-12 16:45:21 input tensors:
2026-06-12 16:45:21   index=0, name=images, n_dims=4, dims=[1, 640, 640, 3], n_elems=1228800, size=1228800, fmt=NHWC, type=INT8, qnt_type=AFFINE, zp=-128, scale=0.003922
2026-06-12 16:45:21 output tensors:
2026-06-12 16:45:21   index=0, name=318, n_dims=4, dims=[1, 64, 80, 80], n_elems=409600, size=409600, fmt=NCHW, type=INT8, qnt_type=AFFINE, zp=-43, scale=0.453074
2026-06-12 16:45:21   index=1, name=onnx::ReduceSum_326, n_dims=4, dims=[1, 31, 80, 80], n_elems=198400, size=198400, fmt=NCHW, type=INT8, qnt_type=AFFINE, zp=-128, scale=0.001961
2026-06-12 16:45:21   index=2, name=331, n_dims=4, dims=[1, 1, 80, 80], n_elems=6400, size=6400, fmt=NCHW, type=INT8, qnt_type=AFFINE, zp=-128, scale=0.001771
2026-06-12 16:45:21   index=3, name=338, n_dims=4, dims=[1, 64, 40, 40], n_elems=102400, size=102400, fmt=NCHW, type=INT8, qnt_type=AFFINE, zp=-28, scale=0.181241
2026-06-12 16:45:21   index=4, name=onnx::ReduceSum_346, n_dims=4, dims=[1, 31, 40, 40], n_elems=49600, size=49600, fmt=NCHW, type=INT8, qnt_type=AFFINE, zp=-128, scale=0.003170
2026-06-12 16:45:21   index=5, name=350, n_dims=4, dims=[1, 1, 40, 40], n_elems=1600, size=1600, fmt=NCHW, type=INT8, qnt_type=AFFINE, zp=-128, scale=0.003311
2026-06-12 16:45:21   index=6, name=357, n_dims=4, dims=[1, 64, 20, 20], n_elems=25600, size=25600, fmt=NCHW, type=INT8, qnt_type=AFFINE, zp=-83, scale=0.048392
2026-06-12 16:45:21   index=7, name=onnx::ReduceSum_365, n_dims=4, dims=[1, 31, 20, 20], n_elems=12400, size=12400, fmt=NCHW, type=INT8, qnt_type=AFFINE, zp=-128, scale=0.001961
2026-06-12 16:45:21   index=8, name=369, n_dims=4, dims=[1, 1, 20, 20], n_elems=400, size=400, fmt=NCHW, type=INT8, qnt_type=AFFINE, zp=-128, scale=0.000425
2026-06-12 16:45:21 model is NHWC input fmt
2026-06-12 16:45:21 model input height=640, width=640, channel=3
2026-06-12 16:45:21 [ai] camera ca8ffe13-f9bb-4f53-a039-accbec0f2c89 running 1 job(s)
2026-06-12 16:45:21 model input num: 1, output num: 4
2026-06-12 16:45:21 input tensors:
2026-06-12 16:45:21   index=0, name=images, n_dims=4, dims=[1, 640, 640, 3], n_elems=1228800, size=1228800, fmt=NHWC, type=INT8, qnt_type=AFFINE, zp=-128, scale=0.003922
2026-06-12 16:45:21 output tensors:
2026-06-12 16:45:21   index=0, name=384, n_dims=4, dims=[1, 65, 80, 80], n_elems=416000, size=416000, fmt=NCHW, type=INT8, qnt_type=AFFINE, zp=74, scale=0.263038
2026-06-12 16:45:21   index=1, name=399, n_dims=4, dims=[1, 65, 40, 40], n_elems=104000, size=104000, fmt=NCHW, type=INT8, qnt_type=AFFINE, zp=27, scale=0.401044
2026-06-12 16:45:21   index=2, name=414, n_dims=4, dims=[1, 65, 20, 20], n_elems=26000, size=26000, fmt=NCHW, type=INT8, qnt_type=AFFINE, zp=49, scale=0.198288
2026-06-12 16:45:21   index=3, name=535, n_dims=4, dims=[1, 5, 3, 8400], n_elems=126000, size=126000, fmt=NCHW, type=INT8, qnt_type=AFFINE, zp=-85, scale=3.668259
2026-06-12 16:45:21 model is NHWC input fmt
2026-06-12 16:45:21 model input height=640, width=640, channel=3
2026-06-12 16:45:21 rga_api version 1.9.3_[2]
2026-06-12 16:45:21 [postprocess-debug] seg-score tensor=1 channels=1 grid=6400 min=0.001961 max=0.001961 mean=0.001961 gt0.1=0 gt0.25=0 gt0.5=0
2026-06-12 16:45:21 [postprocess-debug] seg-score tensor=1 first_values=0.001961,0.001961,0.001961,0.001961,0.001961
2026-06-12 16:45:21 [postprocess-debug] seg-aux tensor=2 channels=1 grid=6400 min=0.002086 max=0.002086 mean=0.002086 gt0.1=0 gt0.25=0 gt0.5=0
2026-06-12 16:45:21 [postprocess-debug] seg-aux tensor=2 first_values=0.002086,0.002086,0.002086,0.002086,0.002086
2026-06-12 16:45:21 [postprocess-debug] seg-score tensor=5 channels=1 grid=1600 min=0.001961 max=0.001961 mean=0.001961 gt0.1=0 gt0.25=0 gt0.5=0
2026-06-12 16:45:21 [postprocess-debug] seg-score tensor=5 first_values=0.001961,0.001961,0.001961,0.001961,0.001961
2026-06-12 16:45:21 [postprocess-debug] seg-aux tensor=6 channels=1 grid=1600 min=0.001935 max=0.001935 mean=0.001935 gt0.1=0 gt0.25=0 gt0.5=0
2026-06-12 16:45:21 [postprocess-debug] seg-aux tensor=6 first_values=0.001935,0.001935,0.001935,0.001935,0.001935
2026-06-12 16:45:21 [postprocess-debug] seg-score tensor=9 channels=1 grid=400 min=0.001961 max=0.001961 mean=0.001961 gt0.1=0 gt0.25=0 gt0.5=0
2026-06-12 16:45:21 [postprocess-debug] seg-score tensor=9 first_values=0.001961,0.001961,0.001961,0.001961,0.001961
2026-06-12 16:45:21 [postprocess-debug] seg-aux tensor=10 channels=1 grid=400 min=0.000028 max=0.000028 mean=0.000028 gt0.1=0 gt0.25=0 gt0.5=0
2026-06-12 16:45:21 [postprocess-debug] seg-aux tensor=10 first_values=0.000028,0.000028,0.000028,0.000028,0.000028
2026-06-12 16:45:21 [postprocess-debug] seg selected_boxes=0 conf_threshold=0.100
2026-06-12 16:45:21 face_recognition input num: 1, output num: 2
2026-06-12 16:45:21 face_recognition input tensors:
2026-06-12 16:45:21   index=0, name=input, n_dims=4, dims=[1, 112, 112, 3], n_elems=37632, size=75264, fmt=NHWC, type=FP16, qnt_type=AFFINE, zp=0, scale=1.000000
2026-06-12 16:45:21 face_recognition output tensors:
2026-06-12 16:45:21   index=0, name=embedding, n_dims=2, dims=[1, 512, 0, 0], n_elems=512, size=1024, fmt=UNDEFINED, type=FP16, qnt_type=AFFINE, zp=0, scale=1.000000
2026-06-12 16:45:21   index=1, name=norm, n_dims=2, dims=[1, 1, 0, 0], n_elems=1, size=2, fmt=UNDEFINED, type=FP16, qnt_type=AFFINE, zp=0, scale=1.000000
2026-06-12 16:45:21 face_recognition input height=112, width=112, channel=3
2026-06-12 16:45:21 [ai] camera 00e50e11-0b60-4496-8cb2-9f69e3e51b70 running 1 job(s)
2026-06-12 16:45:21 [postprocess-debug] seg-score tensor=1 channels=1 grid=6400 min=0.001961 max=0.001961 mean=0.001961 gt0.1=0 gt0.25=0 gt0.5=0
2026-06-12 16:45:21 [postprocess-debug] seg-score tensor=1 first_values=0.001961,0.001961,0.001961,0.001961,0.001961
2026-06-12 16:45:21 [postprocess-debug] seg-aux tensor=2 channels=1 grid=6400 min=0.002086 max=0.002086 mean=0.002086 gt0.1=0 gt0.25=0 gt0.5=0
2026-06-12 16:45:21 [postprocess-debug] seg-aux tensor=2 first_values=0.002086,0.002086,0.002086,0.002086,0.002086
2026-06-12 16:45:21 [postprocess-debug] seg-score tensor=5 channels=1 grid=1600 min=0.001961 max=0.001961 mean=0.001961 gt0.1=0 gt0.25=0 gt0.5=0
2026-06-12 16:45:21 [postprocess-debug] seg-score tensor=5 first_values=0.001961,0.001961,0.001961,0.001961,0.001961
2026-06-12 16:45:21 [postprocess-debug] seg-aux tensor=6 channels=1 grid=1600 min=0.001935 max=0.001935 mean=0.001935 gt0.1=0 gt0.25=0 gt0.5=0
2026-06-12 16:45:21 [postprocess-debug] seg-aux tensor=6 first_values=0.001935,0.001935,0.001935,0.001935,0.001935
2026-06-12 16:45:21 [postprocess-debug] seg-score tensor=9 channels=1 grid=400 min=0.001961 max=0.001961 mean=0.001961 gt0.1=0 gt0.25=0 gt0.5=0
2026-06-12 16:45:21 [postprocess-debug] seg-score tensor=9 first_values=0.001961,0.001961,0.001961,0.001961,0.001961
2026-06-12 16:45:21 [postprocess-debug] seg-aux tensor=10 channels=1 grid=400 min=0.000028 max=0.000028 mean=0.000028 gt0.1=0 gt0.25=0 gt0.5=0
2026-06-12 16:45:21 [postprocess-debug] seg-aux tensor=10 first_values=0.000028,0.000028,0.000028,0.000028,0.000028
2026-06-12 16:45:21 [postprocess-debug] seg selected_boxes=0 conf_threshold=0.100
2026-06-12 16:45:22 [postprocess-debug] seg-score tensor=1 channels=1 grid=6400 min=0.001961 max=0.023529 mean=0.001967 gt0.1=0 gt0.25=0 gt0.5=0
2026-06-12 16:45:22 [postprocess-debug] seg-score tensor=1 first_values=0.001961,0.001961,0.001961,0.001961,0.001961
2026-06-12 16:45:22 [postprocess-debug] seg-aux tensor=2 channels=1 grid=6400 min=0.002086 max=0.023366 mean=0.002092 gt0.1=0 gt0.25=0 gt0.5=0
2026-06-12 16:45:22 [postprocess-debug] seg-aux tensor=2 first_values=0.002086,0.002086,0.002086,0.002086,0.002086
2026-06-12 16:45:22 [postprocess-debug] seg-score tensor=5 channels=1 grid=1600 min=0.001961 max=0.007843 mean=0.001964 gt0.1=0 gt0.25=0 gt0.5=0
2026-06-12 16:45:22 [postprocess-debug] seg-score tensor=5 first_values=0.001961,0.001961,0.001961,0.001961,0.001961
2026-06-12 16:45:22 [postprocess-debug] seg-aux tensor=6 channels=1 grid=1600 min=0.001935 max=0.007870 mean=0.001939 gt0.1=0 gt0.25=0 gt0.5=0
2026-06-12 16:45:22 [postprocess-debug] seg-aux tensor=6 first_values=0.001935,0.001935,0.001935,0.001935,0.001935
2026-06-12 16:45:22 [postprocess-debug] seg-score tensor=9 channels=1 grid=400 min=0.001961 max=0.001961 mean=0.001961 gt0.1=0 gt0.25=0 gt0.5=0
2026-06-12 16:45:22 [postprocess-debug] seg-score tensor=9 first_values=0.001961,0.001961,0.001961,0.001961,0.001961
2026-06-12 16:45:22 [postprocess-debug] seg-aux tensor=10 channels=1 grid=400 min=0.000028 max=0.000028 mean=0.000028 gt0.1=0 gt0.25=0 gt0.5=0
2026-06-12 16:45:22 [postprocess-debug] seg-aux tensor=10 first_values=0.000028,0.000028,0.000028,0.000028,0.000028
2026-06-12 16:45:22 [postprocess-debug] seg selected_boxes=0 conf_threshold=0.100
2026-06-12 16:45:22 [ai fps] job c98963db-fba5-462c-8514-17e86c0675d4: 3 processed/s, 2 dropped/s
2026-06-12 16:45:22 [ai fps] job ee1aac25-81a2-46ff-a0a0-a3bb207ce666: 3 processed/s, 3 dropped/s
2026-06-12 16:45:22 [ai fps] job 62efaf2f-6e1f-4f13-9db7-e63acba2042d: 4 processed/s, 2 dropped/s
2026-06-12 16:45:22 [ai fps] job 9c68a63b-8291-472d-a5ec-48b8e45993a4: 4 processed/s, 3 dropped/s
2026-06-12 16:45:22 [ai fps] job fa8b31f9-326b-4732-8944-db1711130b2d: 2 processed/s, 8 dropped/s
2026-06-12 16:45:23 [ai fps] job c98963db-fba5-462c-8514-17e86c0675d4: 5 processed/s, 0 dropped/s
2026-06-12 16:45:23 [ai fps] job 9c68a63b-8291-472d-a5ec-48b8e45993a4: 5 processed/s, 1 dropped/s
2026-06-12 16:45:23 [ai fps] job 62efaf2f-6e1f-4f13-9db7-e63acba2042d: 4 processed/s, 1 dropped/s
2026-06-12 16:45:23 [ai fps] job ee1aac25-81a2-46ff-a0a0-a3bb207ce666: 5 processed/s, 3 dropped/s
2026-06-12 16:45:24 [ai fps] job fa8b31f9-326b-4732-8944-db1711130b2d: 5 processed/s, 0 dropped/s
2026-06-12 16:45:24 [ai fps] job 62efaf2f-6e1f-4f13-9db7-e63acba2042d: 4 processed/s, 0 dropped/s
2026-06-12 16:45:24 [ai fps] job c98963db-fba5-462c-8514-17e86c0675d4: 5 processed/s, 0 dropped/s
2026-06-12 16:45:24 [ai fps] job 9c68a63b-8291-472d-a5ec-48b8e45993a4: 5 processed/s, 0 dropped/s
2026-06-12 16:45:25 [ai fps] job ee1aac25-81a2-46ff-a0a0-a3bb207ce666: 5 processed/s, 0 dropped/s
2026-06-12 16:45:25 [ai fps] job fa8b31f9-326b-4732-8944-db1711130b2d: 2 processed/s, 2 dropped/s
2026-06-12 16:45:26 [ai fps] job 62efaf2f-6e1f-4f13-9db7-e63acba2042d: 5 processed/s, 1 dropped/s
2026-06-12 16:45:26 [ai fps] job c98963db-fba5-462c-8514-17e86c0675d4: 5 processed/s, 0 dropped/s
2026-06-12 16:45:26 [ai fps] job 9c68a63b-8291-472d-a5ec-48b8e45993a4: 5 processed/s, 0 dropped/s
2026-06-12 16:45:26 [ai fps] job ee1aac25-81a2-46ff-a0a0-a3bb207ce666: 4 processed/s, 6 dropped/s
2026-06-12 16:45:26 [ai fps] job fa8b31f9-326b-4732-8944-db1711130b2d: 5 processed/s, 5 dropped/s
2026-06-12 16:45:27 [ai fps] job 62efaf2f-6e1f-4f13-9db7-e63acba2042d: 4 processed/s, 1 dropped/s
2026-06-12 16:45:27 [ai fps] job 9c68a63b-8291-472d-a5ec-48b8e45993a4: 5 processed/s, 0 dropped/s
2026-06-12 16:45:27 [ai fps] job c98963db-fba5-462c-8514-17e86c0675d4: 5 processed/s, 0 dropped/s
2026-06-12 16:45:27 [ai fps] job ee1aac25-81a2-46ff-a0a0-a3bb207ce666: 4 processed/s, 5 dropped/s
2026-06-12 16:45:27 [ai fps] job fa8b31f9-326b-4732-8944-db1711130b2d: 3 processed/s, 2 dropped/s
2026-06-12 16:45:28 [ai fps] job 62efaf2f-6e1f-4f13-9db7-e63acba2042d: 3 processed/s, 7 dropped/s
2026-06-12 16:45:28 [ai fps] job 9c68a63b-8291-472d-a5ec-48b8e45993a4: 4 processed/s, 6 dropped/s
2026-06-12 16:45:28 [ai fps] job c98963db-fba5-462c-8514-17e86c0675d4: 4 processed/s, 8 dropped/s
2026-06-12 16:45:28 [ai fps] job ee1aac25-81a2-46ff-a0a0-a3bb207ce666: 5 processed/s, 3 dropped/s
2026-06-12 16:45:29 [ai fps] job fa8b31f9-326b-4732-8944-db1711130b2d: 4 processed/s, 2 dropped/s
2026-06-12 16:45:29 [ai fps] job 62efaf2f-6e1f-4f13-9db7-e63acba2042d: 5 processed/s, 2 dropped/s
2026-06-12 16:45:29 [ai fps] job 9c68a63b-8291-472d-a5ec-48b8e45993a4: 5 processed/s, 0 dropped/s
2026-06-12 16:45:29 [ai fps] job c98963db-fba5-462c-8514-17e86c0675d4: 4 processed/s, 1 dropped/s
2026-06-12 16:45:29 [ai fps] job ee1aac25-81a2-46ff-a0a0-a3bb207ce666: 4 processed/s, 0 dropped/s
2026-06-12 16:45:30 [ai fps] job fa8b31f9-326b-4732-8944-db1711130b2d: 5 processed/s, 2 dropped/s
2026-06-12 16:45:30 [ai fps] job 62efaf2f-6e1f-4f13-9db7-e63acba2042d: 4 processed/s, 1 dropped/s
2026-06-12 16:45:30 [ai fps] job c98963db-fba5-462c-8514-17e86c0675d4: 4 processed/s, 1 dropped/s
2026-06-12 16:45:30 [ai fps] job 9c68a63b-8291-472d-a5ec-48b8e45993a4: 5 processed/s, 0 dropped/s
2026-06-12 16:45:31 [ai fps] job ee1aac25-81a2-46ff-a0a0-a3bb207ce666: 5 processed/s, 2 dropped/s
2026-06-12 16:45:31 [ai fps] job fa8b31f9-326b-4732-8944-db1711130b2d: 4 processed/s, 3 dropped/s
2026-06-12 16:45:31 [ai fps] job 62efaf2f-6e1f-4f13-9db7-e63acba2042d: 5 processed/s, 0 dropped/s
2026-06-12 16:45:31 [ai fps] job c98963db-fba5-462c-8514-17e86c0675d4: 4 processed/s, 2 dropped/s
2026-06-12 16:45:31 [ai fps] job 9c68a63b-8291-472d-a5ec-48b8e45993a4: 5 processed/s, 0 dropped/s
2026-06-12 16:45:32 [ai fps] job ee1aac25-81a2-46ff-a0a0-a3bb207ce666: 5 processed/s, 2 dropped/s
2026-06-12 16:45:32 [ai fps] job 62efaf2f-6e1f-4f13-9db7-e63acba2042d: 4 processed/s, 2 dropped/s
2026-06-12 16:45:33 [ai fps] job fa8b31f9-326b-4732-8944-db1711130b2d: 4 processed/s, 14 dropped/s
2026-06-12 16:45:33 [ai fps] job c98963db-fba5-462c-8514-17e86c0675d4: 4 processed/s, 5 dropped/s
2026-06-12 16:45:33 [ai fps] job 9c68a63b-8291-472d-a5ec-48b8e45993a4: 4 processed/s, 3 dropped/s
2026-06-12 16:45:33 [ai fps] job ee1aac25-81a2-46ff-a0a0-a3bb207ce666: 5 processed/s, 0 dropped/s
2026-06-12 16:45:33 [ai fps] job 62efaf2f-6e1f-4f13-9db7-e63acba2042d: 5 processed/s, 1 dropped/s
2026-06-12 16:45:34 [ai fps] job 9c68a63b-8291-472d-a5ec-48b8e45993a4: 5 processed/s, 0 dropped/s
2026-06-12 16:45:34 [ai fps] job c98963db-fba5-462c-8514-17e86c0675d4: 5 processed/s, 2 dropped/s
2026-06-12 16:45:34 [ai fps] job ee1aac25-81a2-46ff-a0a0-a3bb207ce666: 4 processed/s, 2 dropped/s
2026-06-12 16:45:34 [ai fps] job fa8b31f9-326b-4732-8944-db1711130b2d: 5 processed/s, 5 dropped/s
2026-06-12 16:45:35 [ai fps] job 62efaf2f-6e1f-4f13-9db7-e63acba2042d: 5 processed/s, 3 dropped/s
2026-06-12 16:45:35 [ai fps] job c98963db-fba5-462c-8514-17e86c0675d4: 4 processed/s, 3 dropped/s
2026-06-12 16:45:35 [ai fps] job 9c68a63b-8291-472d-a5ec-48b8e45993a4: 5 processed/s, 0 dropped/s
2026-06-12 16:45:35 [ai fps] job ee1aac25-81a2-46ff-a0a0-a3bb207ce666: 5 processed/s, 0 dropped/s
2026-06-12 16:45:35 [ai fps] job fa8b31f9-326b-4732-8944-db1711130b2d: 4 processed/s, 7 dropped/s
2026-06-12 16:45:36 [ai fps] job 62efaf2f-6e1f-4f13-9db7-e63acba2042d: 5 processed/s, 3 dropped/s
2026-06-12 16:45:36 [ai fps] job 9c68a63b-8291-472d-a5ec-48b8e45993a4: 4 processed/s, 0 dropped/s
2026-06-12 16:45:36 [ai fps] job c98963db-fba5-462c-8514-17e86c0675d4: 5 processed/s, 0 dropped/s
2026-06-12 16:45:36 [ai fps] job ee1aac25-81a2-46ff-a0a0-a3bb207ce666: 4 processed/s, 2 dropped/s
2026-06-12 16:45:37 [ai fps] job fa8b31f9-326b-4732-8944-db1711130b2d: 2 processed/s, 3 dropped/s
2026-06-12 16:45:37 [ai fps] job 9c68a63b-8291-472d-a5ec-48b8e45993a4: 4 processed/s, 0 dropped/s
2026-06-12 16:45:37 [ai fps] job 62efaf2f-6e1f-4f13-9db7-e63acba2042d: 5 processed/s, 0 dropped/s
2026-06-12 16:45:37 [ai fps] job c98963db-fba5-462c-8514-17e86c0675d4: 5 processed/s, 3 dropped/s
2026-06-12 16:45:38 [ai fps] job fa8b31f9-326b-4732-8944-db1711130b2d: 5 processed/s, 6 dropped/s
2026-06-12 16:45:38 [ai fps] job ee1aac25-81a2-46ff-a0a0-a3bb207ce666: 5 processed/s, 2 dropped/s
2026-06-12 16:45:38 [ai fps] job 9c68a63b-8291-472d-a5ec-48b8e45993a4: 4 processed/s, 0 dropped/s
2026-06-12 16:45:38 [ai fps] job c98963db-fba5-462c-8514-17e86c0675d4: 4 processed/s, 1 dropped/s
2026-06-12 16:45:38 [ai fps] job 62efaf2f-6e1f-4f13-9db7-e63acba2042d: 5 processed/s, 3 dropped/s
2026-06-12 16:45:39 [ai fps] job fa8b31f9-326b-4732-8944-db1711130b2d: 2 processed/s, 1 dropped/s
2026-06-12 16:45:39 [ai fps] job ee1aac25-81a2-46ff-a0a0-a3bb207ce666: 5 processed/s, 0 dropped/s
2026-06-12 16:45:39 [ai fps] job 9c68a63b-8291-472d-a5ec-48b8e45993a4: 5 processed/s, 0 dropped/s
2026-06-12 16:45:39 [ai fps] job c98963db-fba5-462c-8514-17e86c0675d4: 5 processed/s, 1 dropped/s
2026-06-12 16:45:39 [ai fps] job 62efaf2f-6e1f-4f13-9db7-e63acba2042d: 4 processed/s, 0 dropped/s
2026-06-12 16:45:40 [ai fps] job fa8b31f9-326b-4732-8944-db1711130b2d: 5 processed/s, 4 dropped/s
2026-06-12 16:45:40 [ai fps] job ee1aac25-81a2-46ff-a0a0-a3bb207ce666: 4 processed/s, 2 dropped/s
2026-06-12 16:45:40 [ai fps] job 9c68a63b-8291-472d-a5ec-48b8e45993a4: 5 processed/s, 0 dropped/s
2026-06-12 16:45:41 [ai fps] job 62efaf2f-6e1f-4f13-9db7-e63acba2042d: 4 processed/s, 3 dropped/s
2026-06-12 16:45:41 [ai fps] job c98963db-fba5-462c-8514-17e86c0675d4: 4 processed/s, 3 dropped/s
2026-06-12 16:45:41 [ai fps] job ee1aac25-81a2-46ff-a0a0-a3bb207ce666: 4 processed/s, 2 dropped/s
2026-06-12 16:45:42 [ai fps] job 9c68a63b-8291-472d-a5ec-48b8e45993a4: 5 processed/s, 1 dropped/s
2026-06-12 16:45:42 [ai fps] job fa8b31f9-326b-4732-8944-db1711130b2d: 3 processed/s, 0 dropped/s
2026-06-12 16:45:42 [ai fps] job 62efaf2f-6e1f-4f13-9db7-e63acba2042d: 5 processed/s, 0 dropped/s
2026-06-12 16:45:42 [ai fps] job c98963db-fba5-462c-8514-17e86c0675d4: 5 processed/s, 1 dropped/s
2026-06-12 16:45:42 [ai fps] job ee1aac25-81a2-46ff-a0a0-a3bb207ce666: 5 processed/s, 0 dropped/s
2026-06-12 16:45:43 [ai fps] job 9c68a63b-8291-472d-a5ec-48b8e45993a4: 5 processed/s, 0 dropped/s
2026-06-12 16:45:43 [ai fps] job 62efaf2f-6e1f-4f13-9db7-e63acba2042d: 5 processed/s, 1 dropped/s
2026-06-12 16:45:43 [ai fps] job c98963db-fba5-462c-8514-17e86c0675d4: 4 processed/s, 2 dropped/s
2026-06-12 16:45:43 [ai fps] job fa8b31f9-326b-4732-8944-db1711130b2d: 3 processed/s, 9 dropped/s
2026-06-12 16:45:44 [ai fps] job ee1aac25-81a2-46ff-a0a0-a3bb207ce666: 5 processed/s, 1 dropped/s
2026-06-12 16:45:44 [ai fps] job 9c68a63b-8291-472d-a5ec-48b8e45993a4: 4 processed/s, 0 dropped/s
2026-06-12 16:45:44 [ai fps] job c98963db-fba5-462c-8514-17e86c0675d4: 3 processed/s, 3 dropped/s
2026-06-12 16:45:44 [ai fps] job 62efaf2f-6e1f-4f13-9db7-e63acba2042d: 5 processed/s, 0 dropped/s
2026-06-12 16:45:45 [ai fps] job fa8b31f9-326b-4732-8944-db1711130b2d: 4 processed/s, 13 dropped/s
2026-06-12 16:45:45 [ai fps] job 9c68a63b-8291-472d-a5ec-48b8e45993a4: 4 processed/s, 0 dropped/s
2026-06-12 16:45:45 [ai fps] job ee1aac25-81a2-46ff-a0a0-a3bb207ce666: 5 processed/s, 2 dropped/s
2026-06-12 16:45:45 [ai fps] job 62efaf2f-6e1f-4f13-9db7-e63acba2042d: 4 processed/s, 1 dropped/s
2026-06-12 16:45:45 [ai fps] job c98963db-fba5-462c-8514-17e86c0675d4: 4 processed/s, 2 dropped/s
2026-06-12 16:45:46 [ai fps] job fa8b31f9-326b-4732-8944-db1711130b2d: 5 processed/s, 4 dropped/s
2026-06-12 16:45:46 [ai fps] job 9c68a63b-8291-472d-a5ec-48b8e45993a4: 4 processed/s, 2 dropped/s
2026-06-12 16:45:46 [ai fps] job ee1aac25-81a2-46ff-a0a0-a3bb207ce666: 4 processed/s, 2 dropped/s
2026-06-12 16:45:46 [ai fps] job c98963db-fba5-462c-8514-17e86c0675d4: 4 processed/s, 2 dropped/s
2026-06-12 16:45:46 [ai fps] job 62efaf2f-6e1f-4f13-9db7-e63acba2042d: 4 processed/s, 2 dropped/s
2026-06-12 16:45:47 [ai fps] job fa8b31f9-326b-4732-8944-db1711130b2d: 3 processed/s, 7 dropped/s
2026-06-12 16:45:47 [ai fps] job 9c68a63b-8291-472d-a5ec-48b8e45993a4: 4 processed/s, 0 dropped/s
2026-06-12 16:45:47 [ai fps] job ee1aac25-81a2-46ff-a0a0-a3bb207ce666: 5 processed/s, 0 dropped/s
2026-06-12 16:45:47 [ai fps] job c98963db-fba5-462c-8514-17e86c0675d4: 4 processed/s, 3 dropped/s
2026-06-12 16:45:47 [ai fps] job 62efaf2f-6e1f-4f13-9db7-e63acba2042d: 5 processed/s, 0 dropped/s
2026-06-12 16:45:48 [ai fps] job 9c68a63b-8291-472d-a5ec-48b8e45993a4: 5 processed/s, 0 dropped/s
2026-06-12 16:45:48 [ai fps] job ee1aac25-81a2-46ff-a0a0-a3bb207ce666: 4 processed/s, 2 dropped/s
2026-06-12 16:45:48 [ai fps] job c98963db-fba5-462c-8514-17e86c0675d4: 5 processed/s, 1 dropped/s
2026-06-12 16:45:49 [ai fps] job 62efaf2f-6e1f-4f13-9db7-e63acba2042d: 5 processed/s, 3 dropped/s
2026-06-12 16:45:49 [ai fps] job fa8b31f9-326b-4732-8944-db1711130b2d: 5 processed/s, 1 dropped/s
2026-06-12 16:45:49 [ai fps] job 9c68a63b-8291-472d-a5ec-48b8e45993a4: 5 processed/s, 0 dropped/s
2026-06-12 16:45:49 [ai fps] job c98963db-fba5-462c-8514-17e86c0675d4: 3 processed/s, 1 dropped/s
2026-06-12 16:45:49 [ai fps] job ee1aac25-81a2-46ff-a0a0-a3bb207ce666: 5 processed/s, 0 dropped/s
2026-06-12 16:45:50 [ai fps] job fa8b31f9-326b-4732-8944-db1711130b2d: 2 processed/s, 7 dropped/s
2026-06-12 16:45:50 [ai fps] job 62efaf2f-6e1f-4f13-9db7-e63acba2042d: 4 processed/s, 6 dropped/s
2026-06-12 16:45:50 [ai fps] job 9c68a63b-8291-472d-a5ec-48b8e45993a4: 3 processed/s, 6 dropped/s
2026-06-12 16:45:51 [ai fps] job ee1aac25-81a2-46ff-a0a0-a3bb207ce666: 4 processed/s, 4 dropped/s
2026-06-12 16:45:51 [ai fps] job c98963db-fba5-462c-8514-17e86c0675d4: 4 processed/s, 5 dropped/s
2026-06-12 16:45:51 [ai fps] job 62efaf2f-6e1f-4f13-9db7-e63acba2042d: 5 processed/s, 0 dropped/s
2026-06-12 16:45:51 [ai fps] job 9c68a63b-8291-472d-a5ec-48b8e45993a4: 5 processed/s, 0 dropped/s
2026-06-12 16:45:52 [ai fps] job c98963db-fba5-462c-8514-17e86c0675d4: 4 processed/s, 1 dropped/s
2026-06-12 16:45:52 [ai fps] job ee1aac25-81a2-46ff-a0a0-a3bb207ce666: 4 processed/s, 0 dropped/s
2026-06-12 16:45:52 [ai fps] job fa8b31f9-326b-4732-8944-db1711130b2d: 4 processed/s, 10 dropped/s
2026-06-12 16:45:52 [ai fps] job 62efaf2f-6e1f-4f13-9db7-e63acba2042d: 5 processed/s, 2 dropped/s
2026-06-12 16:45:53 [ai fps] job 9c68a63b-8291-472d-a5ec-48b8e45993a4: 5 processed/s, 0 dropped/s
2026-06-12 16:45:53 [ai fps] job ee1aac25-81a2-46ff-a0a0-a3bb207ce666: 5 processed/s, 2 dropped/s
2026-06-12 16:45:53 [ai fps] job c98963db-fba5-462c-8514-17e86c0675d4: 5 processed/s, 2 dropped/s
